{"name": "Создание курьера без обязательного поля", "status": "failed", "statusDetails": {"message": "AssertionError: assert 201 == 400\n +  where 201 = <Response [201]>.status_code", "trace": "self = <test_courier.TestCourier object at 0x109234290>\nmissing_field = 'firstName'\n\n    @allure.story(\"Создание курьера\")  # История для группировки тестов в отчете\n    @allure.title(\"Создание курьера без обязательного поля\")  # Заголовок теста в отчете\n    @pytest.mark.parametrize(\"missing_field\", [\"login\", \"password\", \"firstName\"])  # Параметризация теста\n    def test_create_courier_missing_required_field(self, missing_field):\n        # Шаг подготовки данных с отсутствующим полем\n        with allure.step(\"Подготовка данных с отсутствующим полем\"):\n            # Генерация данных для курьера\n            courier_data = generate_courier_data()\n            # Удаление обязательного поля\n            del courier_data[missing_field]\n    \n        # Шаг создания курьера с неполными данными\n        with allure.step(\"Создание курьера с неполными данными\"):\n            # Отправка запроса на создание курьера\n            response = self.api.create_courier(courier_data)\n    \n        # Шаг проверки ошибки\n        with allure.step(\"Проверка ошибки\"):\n            # Проверка статус кода ответа (неверный запрос)\n>           assert response.status_code == 400\nE           assert 201 == 400\nE            +  where 201 = <Response [201]>.status_code\n\ntests/test_courier.py:95: AssertionError"}, "steps": [{"name": "Подготовка данных с отсутствующим полем", "status": "passed", "steps": [{"name": "Генерация тестовых данных курьера", "status": "passed", "start": 1758386830946, "stop": 1758386830946}], "start": 1758386830946, "stop": 1758386830947}, {"name": "Создание курьера с неполными данными", "status": "passed", "steps": [{"name": "Создание курьера", "status": "passed", "steps": [{"name": "POST запрос к '/courier'", "status": "passed", "parameters": [{"name": "path", "value": "'/courier'"}, {"name": "data", "value": "{'login': 'rtlqzhlcck', 'password': 'uejbaochjl'}"}], "start": 1758386830947, "stop": 1758386831262}], "parameters": [{"name": "data", "value": "{'login': 'rtlqzhlcck', 'password': 'uejbaochjl'}"}], "start": 1758386830947, "stop": 1758386831262}], "start": 1758386830947, "stop": 1758386831262}, {"name": "Проверка ошибки", "status": "failed", "statusDetails": {"message": "AssertionError: assert 201 == 400\n +  where 201 = <Response [201]>.status_code\n", "trace": "  File \"/Users/arsenamirhanov/Desktop/Yandex/pycharm/PythonProject/sprint 7/sprint_qa7/tests/test_courier.py\", line 95, in test_create_courier_missing_required_field\n    assert response.status_code == 400\n"}, "start": 1758386831262, "stop": 1758386831263}], "parameters": [{"name": "missing_field", "value": "'firstName'"}], "start": 1758386830946, "stop": 1758386831265, "uuid": "5f4de623-18cb-4a76-b8c1-b8e33cd6e55a", "historyId": "a7a2ea341a10257d60d1dcd6de7137c7", "testCaseId": "dc43ee973862656a059b141bbc1462c1", "fullName": "tests.test_courier.TestCourier#test_create_courier_missing_required_field", "labels": [{"name": "story", "value": "Создание курьера"}, {"name": "feature", "value": "Тесты курьера"}, {"name": "epic", "value": "API тесты сервиса QA Scooter"}, {"name": "parentSuite", "value": "tests"}, {"name": "suite", "value": "test_courier"}, {"name": "subSuite", "value": "TestCourier"}, {"name": "host", "value": "MacBook-Air-Arsen.local"}, {"name": "thread", "value": "8012-MainThread"}, {"name": "framework", "value": "pytest"}, {"name": "language", "value": "cpython3"}, {"name": "package", "value": "tests.test_courier"}]}